<?xml version="1.0" encoding="UTF-8"?>
<testsuite xmlns:xsi="http://www.w3.org/2001/XMLSchema-instance" xsi:noNamespaceSchemaLocation="https://maven.apache.org/surefire/maven-surefire-plugin/xsd/surefire-test-report-3.0.xsd" version="3.0" name="com.srm.controller.MoedaControllerTest" time="3.378" tests="7" errors="0" skipped="0" failures="0">
  <properties>
[...]
</properties>
  <testcase name="buscarPorCodigo_QuandoMoedaNaoExiste_DeveRetornarNotFound" classname="com.srm.controller.MoedaControllerTest" time="3.066">
    <system-out><![CDATA[01:18:01.964 [main] INFO com.srm.controller.MoedaController -- Recebendo requisição para buscar moeda com código: XYZ
]]></system-out>
  </testcase>
  <testcase name="atualizarTaxaCambio_QuandoMoedaNaoExiste_DeveRetornarNotFound" classname="com.srm.controller.MoedaControllerTest" time="0.039">
    <system-out><![CDATA[01:18:02.194 [main] INFO com.srm.controller.MoedaController -- Recebendo requisição para atualizar taxa de câmbio da moeda USD para 5.50
01:18:02.198 [main] ERROR com.srm.controller.MoedaController -- Erro ao atualizar taxa de câmbio
com.srm.exception.MoedaNaoEncontradaException: Moeda não encontrada: USD
	at com.srm.service.MoedaService.atualizarTaxaCambio(MoedaService.java:41)
	at com.srm.controller.MoedaController.atualizarTaxaCambio(MoedaController.java:63)
	at com.srm.controller.MoedaControllerTest.lambda$atualizarTaxaCambio_QuandoMoedaNaoExiste_DeveRetornarNotFound$0(MoedaControllerTest.java:88)
	at org.junit.jupiter.api.AssertThrows.assertThrows(AssertThrows.java:53)
	at org.junit.jupiter.api.AssertThrows.assertThrows(AssertThrows.java:35)
	at org.junit.jupiter.api.Assertions.assertThrows(Assertions.java:3115)
	at com.srm.controller.MoedaControllerTest.atualizarTaxaCambio_QuandoMoedaNaoExiste_DeveRetornarNotFound(MoedaControllerTest.java:87)
	at java.base/jdk.internal.reflect.NativeMethodAccessorImpl.invoke0(Native Method)
	at java.base/jdk.internal.reflect.NativeMethodAccessorImpl.invoke(NativeMethodAccessorImpl.java:77)
	at java.base/jdk.internal.reflect.DelegatingMethodAccessorImpl.invoke(DelegatingMethodAccessorImpl.java:43)
	at java.base/java.lang.reflect.Method.invoke(Method.java:568)
	at org.junit.platform.commons.util.ReflectionUtils.invokeMethod(ReflectionUtils.java:728)
	at org.junit.jupiter.engine.execution.MethodInvocation.proceed(MethodInvocation.java:60)
	at org.junit.jupiter.engine.execution.InvocationInterceptorChain$ValidatingInvocation.proceed(InvocationInterceptorChain.java:131)
	at org.junit.jupiter.engine.extension.TimeoutExtension.intercept(TimeoutExtension.java:156)
	at org.junit.jupiter.engine.extension.TimeoutExtension.interceptTestableMethod(TimeoutExtension.java:147)
	at org.junit.jupiter.engine.extension.TimeoutExtension.interceptTestMethod(TimeoutExtension.java:86)
	at org.junit.jupiter.engine.execution.InterceptingExecutableInvoker$ReflectiveInterceptorCall.lambda$ofVoidMethod$0(InterceptingExecutableInvoker.java:103)
	at org.junit.jupiter.engine.execution.InterceptingExecutableInvoker.lambda$invoke$0(InterceptingExecutableInvoker.java:93)
	at org.junit.jupiter.engine.execution.InvocationInterceptorChain$InterceptedInvocation.proceed(InvocationInterceptorChain.java:106)
	at org.junit.jupiter.engine.execution.InvocationInterceptorChain.proceed(InvocationInterceptorChain.java:64)
	at org.junit.jupiter.engine.execution.InvocationInterceptorChain.chainAndInvoke(InvocationInterceptorChain.java:45)
	at org.junit.jupiter.engine.execution.InvocationInterceptorChain.invoke(InvocationInterceptorChain.java:37)
	at org.junit.jupiter.engine.execution.InterceptingExecutableInvoker.invoke(InterceptingExecutableInvoker.java:92)
	at org.junit.jupiter.engine.execution.InterceptingExecutableInvoker.invoke(InterceptingExecutableInvoker.java:86)
	at org.junit.jupiter.engine.descriptor.TestMethodTestDescriptor.lambda$invokeTestMethod$7(TestMethodTestDescriptor.java:218)
	at org.junit.platform.engine.support.hierarchical.ThrowableCollector.execute(ThrowableCollector.java:73)
	at org.junit.jupiter.engine.descriptor.TestMethodTestDescriptor.invokeTestMethod(TestMethodTestDescriptor.java:214)
	at org.junit.jupiter.engine.descriptor.TestMethodTestDescriptor.execute(TestMethodTestDescriptor.java:139)
	at org.junit.jupiter.engine.descriptor.TestMethodTestDescriptor.execute(TestMethodTestDescriptor.java:69)
	at org.junit.platform.engine.support.hierarchical.NodeTestTask.lambda$executeRecursively$6(NodeTestTask.java:151)
	at org.junit.platform.engine.support.hierarchical.ThrowableCollector.execute(ThrowableCollector.java:73)
	at org.junit.platform.engine.support.hierarchical.NodeTestTask.lambda$executeRecursively$8(NodeTestTask.java:141)
	at org.junit.platform.engine.support.hierarchical.Node.around(Node.java:137)
	at org.junit.platform.engine.support.hierarchical.NodeTestTask.lambda$executeRecursively$9(NodeTestTask.java:139)
	at org.junit.platform.engine.support.hierarchical.ThrowableCollector.execute(ThrowableCollector.java:73)
	at org.junit.platform.engine.support.hierarchical.NodeTestTask.executeRecursively(NodeTestTask.java:138)
	at org.junit.platform.engine.support.hierarchical.NodeTestTask.execute(NodeTestTask.java:95)
	at java.base/java.util.ArrayList.forEach(ArrayList.java:1511)
	at org.junit.platform.engine.support.hierarchical.SameThreadHierarchicalTestExecutorService.invokeAll(SameThreadHierarchicalTestExecutorService.java:41)
	at org.junit.platform.engine.support.hierarchical.NodeTestTask.lambda$executeRecursively$6(NodeTestTask.java:155)
	at org.junit.platform.engine.support.hierarchical.ThrowableCollector.execute(ThrowableCollector.java:73)
	at org.junit.platform.engine.support.hierarchical.NodeTestTask.lambda$executeRecursively$8(NodeTestTask.java:141)
	at org.junit.platform.engine.support.hierarchical.Node.around(Node.java:137)
	at org.junit.platform.engine.support.hierarchical.NodeTestTask.lambda$executeRecursively$9(NodeTestTask.java:139)
	at org.junit.platform.engine.support.hierarchical.ThrowableCollector.execute(ThrowableCollector.java:73)
	at org.junit.platform.engine.support.hierarchical.NodeTestTask.executeRecursively(NodeTestTask.java:138)
	at org.junit.platform.engine.support.hierarchical.NodeTestTask.execute(NodeTestTask.java:95)
	at java.base/java.util.ArrayList.forEach(ArrayList.java:1511)
	at org.junit.platform.engine.support.hierarchical.SameThreadHierarchicalTestExecutorService.invokeAll(SameThreadHierarchicalTestExecutorService.java:41)
	at org.junit.platform.engine.support.hierarchical.NodeTestTask.lambda$executeRecursively$6(NodeTestTask.java:155)
	at org.junit.platform.engine.support.hierarchical.ThrowableCollector.execute(ThrowableCollector.java:73)
	at org.junit.platform.engine.support.hierarchical.NodeTestTask.lambda$executeRecursively$8(NodeTestTask.java:141)
	at org.junit.platform.engine.support.hierarchical.Node.around(Node.java:137)
	at org.junit.platform.engine.support.hierarchical.NodeTestTask.lambda$executeRecursively$9(NodeTestTask.java:139)
	at org.junit.platform.engine.support.hierarchical.ThrowableCollector.execute(ThrowableCollector.java:73)
	at org.junit.platform.engine.support.hierarchical.NodeTestTask.executeRecursively(NodeTestTask.java:138)
	at org.junit.platform.engine.support.hierarchical.NodeTestTask.execute(NodeTestTask.java:95)
	at org.junit.platform.engine.support.hierarchical.SameThreadHierarchicalTestExecutorService.submit(SameThreadHierarchicalTestExecutorService.java:35)
	at org.junit.platform.engine.support.hierarchical.HierarchicalTestExecutor.execute(HierarchicalTestExecutor.java:57)
	at org.junit.platform.engine.support.hierarchical.HierarchicalTestEngine.execute(HierarchicalTestEngine.java:54)
	at org.junit.platform.launcher.core.EngineExecutionOrchestrator.execute(EngineExecutionOrchestrator.java:198)
	at org.junit.platform.launcher.core.EngineExecutionOrchestrator.execute(EngineExecutionOrchestrator.java:169)
	at org.junit.platform.launcher.core.EngineExecutionOrchestrator.execute(EngineExecutionOrchestrator.java:93)
	at org.junit.platform.launcher.core.EngineExecutionOrchestrator.lambda$execute$0(EngineExecutionOrchestrator.java:58)
	at org.junit.platform.launcher.core.EngineExecutionOrchestrator.withInterceptedStreams(EngineExecutionOrchestrator.java:141)
	at org.junit.platform.launcher.core.EngineExecutionOrchestrator.execute(EngineExecutionOrchestrator.java:57)
	at org.junit.platform.launcher.core.DefaultLauncher.execute(DefaultLauncher.java:103)
	at org.junit.platform.launcher.core.DefaultLauncher.execute(DefaultLauncher.java:85)
	at org.junit.platform.launcher.core.DelegatingLauncher.execute(DelegatingLauncher.java:47)
	at org.apache.maven.surefire.junitplatform.LazyLauncher.execute(LazyLauncher.java:56)
	at org.apache.maven.surefire.junitplatform.JUnitPlatformProvider.execute(JUnitPlatformProvider.java:184)
	at org.apache.maven.surefire.junitplatform.JUnitPlatformProvider.invokeAllTests(JUnitPlatformProvider.java:148)
	at org.apache.maven.surefire.junitplatform.JUnitPlatformProvider.invoke(JUnitPlatformProvider.java:122)
	at org.apache.maven.surefire.booter.ForkedBooter.runSuitesInProcess(ForkedBooter.java:385)
	at org.apache.maven.surefire.booter.ForkedBooter.execute(ForkedBooter.java:162)
	at org.apache.maven.surefire.booter.ForkedBooter.run(ForkedBooter.java:507)
	at org.apache.maven.surefire.booter.ForkedBooter.main(ForkedBooter.java:495)
]]></system-out>
  </testcase>
  <testcase name="listarTodas_QuandoExistemMoedas_DeveRetornarListaDeMoedasDTO" classname="com.srm.controller.MoedaControllerTest" time="0.013">
    <system-out><![CDATA[01:18:02.224 [main] INFO com.srm.controller.MoedaController -- Recebendo requisição para listar todas as moedas
01:18:02.225 [main] INFO com.srm.controller.MoedaController -- Total de moedas encontradas: 1
]]></system-out>
  </testcase>
  <testcase name="atualizarTaxaCambio_QuandoMoedaExiste_DeveRetornarMoedaDTO" classname="com.srm.controller.MoedaControllerTest" time="0.109">
    <system-out><![CDATA[01:18:02.248 [main] INFO com.srm.controller.MoedaController -- Recebendo requisição para atualizar taxa de câmbio da moeda USD para 5.5
01:18:02.251 [main] INFO com.srm.controller.MoedaController -- Taxa de câmbio atualizada com sucesso: MoedaDTO(id=1, nome=Dólar Americano, codigo=USD, taxaCambio=5.0, dataAtualizacao=null)
]]></system-out>
  </testcase>
  <testcase name="listarTodas_QuandoNaoExistemMoedas_DeveRetornarListaVazia" classname="com.srm.controller.MoedaControllerTest" time="0.013">
    <system-out><![CDATA[01:18:02.352 [main] INFO com.srm.controller.MoedaController -- Recebendo requisição para listar todas as moedas
01:18:02.354 [main] INFO com.srm.controller.MoedaController -- Total de moedas encontradas: 0
]]></system-out>
  </testcase>
  <testcase name="buscarPorCodigo_QuandoMoedaExiste_DeveRetornarMoedaDTO" classname="com.srm.controller.MoedaControllerTest" time="0.019">
    <system-out><![CDATA[01:18:02.378 [main] INFO com.srm.controller.MoedaController -- Recebendo requisição para buscar moeda com código: USD
01:18:02.381 [main] INFO com.srm.controller.MoedaController -- Moeda encontrada: MoedaDTO(id=1, nome=Dólar Americano, codigo=USD, taxaCambio=5.0, dataAtualizacao=null)
]]></system-out>
  </testcase>
  <testcase name="criarMoeda_DeveRetornarMoedaDTO" classname="com.srm.controller.MoedaControllerTest" time="0.012">
    <system-out><![CDATA[01:18:02.391 [main] INFO com.srm.controller.MoedaController -- Recebendo requisição para criar moeda: MoedaDTO(id=1, nome=Dólar Americano, codigo=USD, taxaCambio=5.0, dataAtualizacao=null)
01:18:02.392 [main] INFO com.srm.controller.MoedaController -- Moeda criada com sucesso: MoedaDTO(id=1, nome=Dólar Americano, codigo=USD, taxaCambio=5.0, dataAtualizacao=null)
]]></system-out>
  </testcase>
</testsuite>