<?xml version="1.0" encoding="UTF-8"?>
<testsuite xmlns:xsi="http://www.w3.org/2001/XMLSchema-instance" xsi:noNamespaceSchemaLocation="https://maven.apache.org/surefire/maven-surefire-plugin/xsd/surefire-test-report-3.0.xsd" version="3.0" name="com.srm.service.MoedaServiceTest" time="0.344" tests="6" errors="0" skipped="0" failures="0">
  <properties>
[...]
</properties>
  <testcase name="atualizarTaxaCambio_QuandoMoedaExiste_DeveRetornarMoedaDTO" classname="com.srm.service.MoedaServiceTest" time="0.29">
    <system-out><![CDATA[01:18:03.643 [main] INFO com.srm.service.MoedaService -- Atualizando taxa de câmbio para moeda USD: nova taxa = 1.5
01:18:03.645 [main] INFO com.srm.service.MoedaService -- Taxa de câmbio atualizada com sucesso: Moeda(id=1, nome=Dólar Americano, codigo=USD, taxaCambio=1.5, dataAtualizacao=2025-04-20T01:18:03.638887500)
]]></system-out>
  </testcase>
  <testcase name="buscarPorCodigo_QuandoMoedaNaoExiste_DeveRetornarOptionalVazio" classname="com.srm.service.MoedaServiceTest" time="0.01">
    <system-out><![CDATA[01:18:03.653 [main] INFO com.srm.service.MoedaService -- Buscando moeda por código: XXX
]]></system-out>
  </testcase>
  <testcase name="listarTodas_DeveRetornarListaDeMoedasDTO" classname="com.srm.service.MoedaServiceTest" time="0.009">
    <system-out><![CDATA[01:18:03.665 [main] INFO com.srm.service.MoedaService -- Listando todas as moedas
01:18:03.668 [main] INFO com.srm.service.MoedaService -- Total de moedas encontradas: 1
]]></system-out>
  </testcase>
  <testcase name="atualizarTaxaCambio_QuandoMoedaNaoExiste_DeveLancarExcecao" classname="com.srm.service.MoedaServiceTest" time="0.008">
    <system-out><![CDATA[01:18:03.676 [main] INFO com.srm.service.MoedaService -- Atualizando taxa de câmbio para moeda USD: nova taxa = 5.50
]]></system-out>
  </testcase>
  <testcase name="buscarPorCodigo_QuandoMoedaExiste_DeveRetornarMoedaDTO" classname="com.srm.service.MoedaServiceTest" time="0.005">
    <system-out><![CDATA[01:18:03.684 [main] INFO com.srm.service.MoedaService -- Buscando moeda por código: USD
]]></system-out>
  </testcase>
  <testcase name="criarMoeda_DeveRetornarMoedaDTO" classname="com.srm.service.MoedaServiceTest" time="0.01">
    <system-out><![CDATA[01:18:03.693 [main] INFO com.srm.service.MoedaService -- Criando nova moeda: MoedaDTO(id=1, nome=Dólar Americano, codigo=USD, taxaCambio=1, dataAtualizacao=null)
01:18:03.694 [main] INFO com.srm.service.MoedaService -- Moeda criada com sucesso: Moeda(id=1, nome=Dólar Americano, codigo=USD, taxaCambio=1, dataAtualizacao=2025-04-20T01:18:03.691899800)
]]></system-out>
  </testcase>
</testsuite>